[debug] [2022-02-04T17:42:56.554Z] ----------------------------------------------------------------------
[debug] [2022-02-04T17:42:56.558Z] Command:       C:\Program Files\nodejs\node.exe C:\Users\KHAN'S\AppData\Roaming\npm\node_modules\firebase-tools\lib\bin\firebase.js init
[debug] [2022-02-04T17:42:56.558Z] CLI Version:   10.1.4
[debug] [2022-02-04T17:42:56.559Z] Platform:      win32
[debug] [2022-02-04T17:42:56.559Z] Node Version:  v14.18.1
[debug] [2022-02-04T17:42:56.560Z] Time:          Fri Feb 04 2022 23:12:56 GMT+0530 (India Standard Time)
[debug] [2022-02-04T17:42:56.560Z] ----------------------------------------------------------------------
[debug] 
[debug] [2022-02-04T17:42:56.565Z] >>> [apiv2][query] GET https://firebase-public.firebaseio.com/cli.json [none]
[debug] [2022-02-04T17:42:56.605Z] > command requires scopes: ["email","openid","https://www.googleapis.com/auth/cloudplatformprojects.readonly","https://www.googleapis.com/auth/firebase","https://www.googleapis.com/auth/cloud-platform"]
[debug] [2022-02-04T17:42:56.605Z] > authorizing via signed-in user (khanshahnawaz1947@gmail.com)
[info] 
     ######## #### ########  ######## ########     ###     ######  ########
     ##        ##  ##     ## ##       ##     ##  ##   ##  ##       ##
     ######    ##  ########  ######   ########  #########  ######  ######
     ##        ##  ##    ##  ##       ##     ## ##     ##       ## ##
     ##       #### ##     ## ######## ########  ##     ##  ######  ########

You're about to initialize a Firebase project in this directory:

  E:\Quiz Project

[debug] [2022-02-04T17:42:57.485Z] <<< [apiv2][status] GET https://firebase-public.firebaseio.com/cli.json 200
[debug] [2022-02-04T17:42:57.486Z] <<< [apiv2][body] GET https://firebase-public.firebaseio.com/cli.json {"cloudBuildErrorAfter":1594252800000,"cloudBuildWarnAfter":1590019200000,"defaultNode10After":1594252800000,"minVersion":"3.0.5","node8DeploysDisabledAfter":1613390400000,"node8RuntimeDisabledAfter":1615809600000,"node8WarnAfter":1600128000000}
